/home/jstock1/Project2/webots_ros2_homework1_python/install/webots_ros2_homework1_python/lib/python3.10/site-packages/webots_ros2_homework1_python/__init__.py
/home/jstock1/Project2/webots_ros2_homework1_python/install/webots_ros2_homework1_python/lib/python3.10/site-packages/webots_ros2_homework1_python/webots_ros2_homework1_python.py
/home/jstock1/Project2/webots_ros2_homework1_python/install/webots_ros2_homework1_python/lib/python3.10/site-packages/webots_ros2_homework1_python/__pycache__/__init__.cpython-310.pyc
/home/jstock1/Project2/webots_ros2_homework1_python/install/webots_ros2_homework1_python/lib/python3.10/site-packages/webots_ros2_homework1_python/__pycache__/webots_ros2_homework1_python.cpython-310.pyc
/home/jstock1/Project2/webots_ros2_homework1_python/install/webots_ros2_homework1_python/share/ament_index/resource_index/packages/webots_ros2_homework1_python
/home/jstock1/Project2/webots_ros2_homework1_python/install/webots_ros2_homework1_python/share/webots_ros2_homework1_python/launch/f23_robotics_1_launch.py
/home/jstock1/Project2/webots_ros2_homework1_python/install/webots_ros2_homework1_python/share/webots_ros2_homework1_python/worlds/f23_robotics_1.wbt
/home/jstock1/Project2/webots_ros2_homework1_python/install/webots_ros2_homework1_python/share/webots_ros2_homework1_python/worlds/Greek_Assembly_Hall_Final.wbt
/home/jstock1/Project2/webots_ros2_homework1_python/install/webots_ros2_homework1_python/share/webots_ros2_homework1_python/worlds/Simulation_Part2.wbt
/home/jstock1/Project2/webots_ros2_homework1_python/install/webots_ros2_homework1_python/share/webots_ros2_homework1_python/package.xml
/home/jstock1/Project2/webots_ros2_homework1_python/install/webots_ros2_homework1_python/share/webots_ros2_homework1_python/resource/turtlebot_webots.urdf
/home/jstock1/Project2/webots_ros2_homework1_python/install/webots_ros2_homework1_python/share/webots_ros2_homework1_python/resource/ros2control.yml
/home/jstock1/Project2/webots_ros2_homework1_python/install/webots_ros2_homework1_python/lib/python3.10/site-packages/webots_ros2_homework1_python-0.0.0-py3.10.egg-info/top_level.txt
/home/jstock1/Project2/webots_ros2_homework1_python/install/webots_ros2_homework1_python/lib/python3.10/site-packages/webots_ros2_homework1_python-0.0.0-py3.10.egg-info/dependency_links.txt
/home/jstock1/Project2/webots_ros2_homework1_python/install/webots_ros2_homework1_python/lib/python3.10/site-packages/webots_ros2_homework1_python-0.0.0-py3.10.egg-info/requires.txt
/home/jstock1/Project2/webots_ros2_homework1_python/install/webots_ros2_homework1_python/lib/python3.10/site-packages/webots_ros2_homework1_python-0.0.0-py3.10.egg-info/entry_points.txt
/home/jstock1/Project2/webots_ros2_homework1_python/install/webots_ros2_homework1_python/lib/python3.10/site-packages/webots_ros2_homework1_python-0.0.0-py3.10.egg-info/SOURCES.txt
/home/jstock1/Project2/webots_ros2_homework1_python/install/webots_ros2_homework1_python/lib/python3.10/site-packages/webots_ros2_homework1_python-0.0.0-py3.10.egg-info/PKG-INFO
/home/jstock1/Project2/webots_ros2_homework1_python/install/webots_ros2_homework1_python/lib/python3.10/site-packages/webots_ros2_homework1_python-0.0.0-py3.10.egg-info/zip-safe
/home/jstock1/Project2/webots_ros2_homework1_python/install/webots_ros2_homework1_python/lib/webots_ros2_homework1_python/webots_ros2_homework1_python
